watch_app/app/build/intermediates/manifest_merge_blame_file/debug/manifest-merger-blame-debug-report.txt
1<?xml version="1.0" encoding="utf-8"?>
2<manifest xmlns:android="http://schemas.android.com/apk/res/android"
3    package="com.example.neuraldrive"
4    android:versionCode="1"
5    android:versionName="1.0" >
6
7    <uses-sdk
8        android:minSdkVersion="30"
8-->src\main\AndroidManifest.xml
9        android:targetSdkVersion="32" />
9-->src\main\AndroidManifest.xml
10
11    <queries>
11-->src\main\AndroidManifest.xml:7:5-9:15
12        <package android:name="com.google.android.wearable.healthservices" />
12-->src\main\AndroidManifest.xml:8:9-78
12-->src\main\AndroidManifest.xml:8:18-75
13    </queries>
14
15    <!-- For ambient mode. -->
16    <uses-permission android:name="android.permission.WAKE_LOCK" />
16-->src\main\AndroidManifest.xml:12:5-68
16-->src\main\AndroidManifest.xml:12:22-65
17    <!-- For receiving exercise metrics. -->
18    <uses-permission android:name="android.permission.BODY_SENSORS" />
18-->src\main\AndroidManifest.xml:14:5-71
18-->src\main\AndroidManifest.xml:14:22-68
19    <!-- Needed in order to re-register for data on device startup. -->
20    <uses-permission android:name="android.permission.RECEIVE_BOOT_COMPLETED" />
20-->src\main\AndroidManifest.xml:16:5-81
20-->src\main\AndroidManifest.xml:16:22-78
21
22    <uses-feature android:name="android.hardware.type.watch" />
22-->src\main\AndroidManifest.xml:18:5-64
22-->src\main\AndroidManifest.xml:18:19-61
23
24    <uses-permission android:name="android.permission.INTERNET" />
24-->src\main\AndroidManifest.xml:19:5-83
24-->src\main\AndroidManifest.xml:19:22-64
25    <uses-permission android:name="android.permission.ACCESS_NETWORK_STATE" >
25-->src\main\AndroidManifest.xml:20:5-21:23
25-->src\main\AndroidManifest.xml:20:22-76
26    </uses-permission>
27    <uses-permission android:name="android.permission.FOREGROUND_SERVICE" />
27-->[androidx.work:work-runtime:2.6.0] AndroidManifest.xml:28:5-77
27-->[androidx.work:work-runtime:2.6.0] AndroidManifest.xml:28:22-74
28
29    <application
29-->src\main\AndroidManifest.xml:23:5-52:19
30        android:allowBackup="true"
30-->src\main\AndroidManifest.xml:24:9-35
31        android:appComponentFactory="androidx.core.app.CoreComponentFactory"
31-->[androidx.core:core:1.7.0] AndroidManifest.xml:24:18-86
32        android:debuggable="true"
33        android:extractNativeLibs="false"
34        android:icon="@mipmap/ic_launcher"
34-->src\main\AndroidManifest.xml:25:9-43
35        android:label="@string/app_name"
35-->src\main\AndroidManifest.xml:26:9-41
36        android:roundIcon="@mipmap/ic_launcher_round"
36-->src\main\AndroidManifest.xml:27:9-54
37        android:supportsRtl="true"
37-->src\main\AndroidManifest.xml:28:9-35
38        android:testOnly="true"
39        android:theme="@style/AppTheme"
39-->src\main\AndroidManifest.xml:30:9-40
40        android:usesCleartextTraffic="true" >
40-->src\main\AndroidManifest.xml:29:9-44
41        <uses-library
41-->src\main\AndroidManifest.xml:31:9-33:39
42            android:name="com.google.android.wearable"
42-->src\main\AndroidManifest.xml:32:13-55
43            android:required="true" />
43-->src\main\AndroidManifest.xml:33:13-36
44
45        <!--
46               Set to true if your app is Standalone, that is, it does not require the handheld
47               app to run.
48        -->
49        <meta-data
49-->src\main\AndroidManifest.xml:39:9-41:36
50            android:name="com.google.android.wearable.standalone"
50-->src\main\AndroidManifest.xml:40:13-66
51            android:value="true" />
51-->src\main\AndroidManifest.xml:41:13-33
52
53        <activity
53-->src\main\AndroidManifest.xml:43:9-51:20
54            android:name="com.example.neuraldrive.MainActivity"
54-->src\main\AndroidManifest.xml:44:13-41
55            android:exported="true"
55-->src\main\AndroidManifest.xml:45:13-36
56            android:label="@string/app_name" >
56-->src\main\AndroidManifest.xml:46:13-45
57            <intent-filter>
57-->src\main\AndroidManifest.xml:47:13-50:29
58                <action android:name="android.intent.action.MAIN" />
58-->src\main\AndroidManifest.xml:48:17-69
58-->src\main\AndroidManifest.xml:48:25-66
59
60                <category android:name="android.intent.category.LAUNCHER" />
60-->src\main\AndroidManifest.xml:49:17-77
60-->src\main\AndroidManifest.xml:49:27-74
61            </intent-filter>
62        </activity>
63        <activity
63-->[com.google.android.gms:play-services-base:17.5.0] AndroidManifest.xml:23:9-26:75
64            android:name="com.google.android.gms.common.api.GoogleApiActivity"
64-->[com.google.android.gms:play-services-base:17.5.0] AndroidManifest.xml:24:13-79
65            android:exported="false"
65-->[com.google.android.gms:play-services-base:17.5.0] AndroidManifest.xml:25:13-37
66            android:theme="@android:style/Theme.Translucent.NoTitleBar" />
66-->[com.google.android.gms:play-services-base:17.5.0] AndroidManifest.xml:26:13-72
67
68        <meta-data
68-->[com.google.android.gms:play-services-basement:17.5.0] AndroidManifest.xml:23:9-25:69
69            android:name="com.google.android.gms.version"
69-->[com.google.android.gms:play-services-basement:17.5.0] AndroidManifest.xml:24:13-58
70            android:value="@integer/google_play_services_version" />
70-->[com.google.android.gms:play-services-basement:17.5.0] AndroidManifest.xml:25:13-66
71
72        <provider
72-->[androidx.work:work-runtime:2.6.0] AndroidManifest.xml:31:9-39:20
73            android:name="androidx.startup.InitializationProvider"
73-->[androidx.work:work-runtime:2.6.0] AndroidManifest.xml:32:13-67
74            android:authorities="com.example.neuraldrive.androidx-startup"
74-->[androidx.work:work-runtime:2.6.0] AndroidManifest.xml:33:13-68
75            android:exported="false" >
75-->[androidx.work:work-runtime:2.6.0] AndroidManifest.xml:34:13-37
76            <meta-data
76-->[androidx.work:work-runtime:2.6.0] AndroidManifest.xml:36:13-38:52
77                android:name="androidx.work.WorkManagerInitializer"
77-->[androidx.work:work-runtime:2.6.0] AndroidManifest.xml:37:17-68
78                android:value="androidx.startup" />
78-->[androidx.work:work-runtime:2.6.0] AndroidManifest.xml:38:17-49
79        </provider>
80
81        <service
81-->[androidx.work:work-runtime:2.6.0] AndroidManifest.xml:41:9-46:35
82            android:name="androidx.work.impl.background.systemalarm.SystemAlarmService"
82-->[androidx.work:work-runtime:2.6.0] AndroidManifest.xml:42:13-88
83            android:directBootAware="false"
83-->[androidx.work:work-runtime:2.6.0] AndroidManifest.xml:43:13-44
84            android:enabled="@bool/enable_system_alarm_service_default"
84-->[androidx.work:work-runtime:2.6.0] AndroidManifest.xml:44:13-72
85            android:exported="false" />
85-->[androidx.work:work-runtime:2.6.0] AndroidManifest.xml:45:13-37
86        <service
86-->[androidx.work:work-runtime:2.6.0] AndroidManifest.xml:47:9-53:35
87            android:name="androidx.work.impl.background.systemjob.SystemJobService"
87-->[androidx.work:work-runtime:2.6.0] AndroidManifest.xml:48:13-84
88            android:directBootAware="false"
88-->[androidx.work:work-runtime:2.6.0] AndroidManifest.xml:49:13-44
89            android:enabled="@bool/enable_system_job_service_default"
89-->[androidx.work:work-runtime:2.6.0] AndroidManifest.xml:50:13-70
90            android:exported="true"
90-->[androidx.work:work-runtime:2.6.0] AndroidManifest.xml:51:13-36
91            android:permission="android.permission.BIND_JOB_SERVICE" />
91-->[androidx.work:work-runtime:2.6.0] AndroidManifest.xml:52:13-69
92        <service
92-->[androidx.work:work-runtime:2.6.0] AndroidManifest.xml:54:9-59:35
93            android:name="androidx.work.impl.foreground.SystemForegroundService"
93-->[androidx.work:work-runtime:2.6.0] AndroidManifest.xml:55:13-81
94            android:directBootAware="false"
94-->[androidx.work:work-runtime:2.6.0] AndroidManifest.xml:56:13-44
95            android:enabled="@bool/enable_system_foreground_service_default"
95-->[androidx.work:work-runtime:2.6.0] AndroidManifest.xml:57:13-77
96            android:exported="false" />
96-->[androidx.work:work-runtime:2.6.0] AndroidManifest.xml:58:13-37
97
98        <receiver
98-->[androidx.work:work-runtime:2.6.0] AndroidManifest.xml:61:9-66:35
99            android:name="androidx.work.impl.utils.ForceStopRunnable$BroadcastReceiver"
99-->[androidx.work:work-runtime:2.6.0] AndroidManifest.xml:62:13-88
100            android:directBootAware="false"
100-->[androidx.work:work-runtime:2.6.0] AndroidManifest.xml:63:13-44
101            android:enabled="true"
101-->[androidx.work:work-runtime:2.6.0] AndroidManifest.xml:64:13-35
102            android:exported="false" />
102-->[androidx.work:work-runtime:2.6.0] AndroidManifest.xml:65:13-37
103        <receiver
103-->[androidx.work:work-runtime:2.6.0] AndroidManifest.xml:67:9-77:20
104            android:name="androidx.work.impl.background.systemalarm.ConstraintProxy$BatteryChargingProxy"
104-->[androidx.work:work-runtime:2.6.0] AndroidManifest.xml:68:13-106
105            android:directBootAware="false"
105-->[androidx.work:work-runtime:2.6.0] AndroidManifest.xml:69:13-44
106            android:enabled="false"
106-->[androidx.work:work-runtime:2.6.0] AndroidManifest.xml:70:13-36
107            android:exported="false" >
107-->[androidx.work:work-runtime:2.6.0] AndroidManifest.xml:71:13-37
108            <intent-filter>
108-->[androidx.work:work-runtime:2.6.0] AndroidManifest.xml:73:13-76:29
109                <action android:name="android.intent.action.ACTION_POWER_CONNECTED" />
109-->[androidx.work:work-runtime:2.6.0] AndroidManifest.xml:74:17-87
109-->[androidx.work:work-runtime:2.6.0] AndroidManifest.xml:74:25-84
110                <action android:name="android.intent.action.ACTION_POWER_DISCONNECTED" />
110-->[androidx.work:work-runtime:2.6.0] AndroidManifest.xml:75:17-90
110-->[androidx.work:work-runtime:2.6.0] AndroidManifest.xml:75:25-87
111            </intent-filter>
112        </receiver>
113        <receiver
113-->[androidx.work:work-runtime:2.6.0] AndroidManifest.xml:78:9-88:20
114            android:name="androidx.work.impl.background.systemalarm.ConstraintProxy$BatteryNotLowProxy"
114-->[androidx.work:work-runtime:2.6.0] AndroidManifest.xml:79:13-104
115            android:directBootAware="false"
115-->[androidx.work:work-runtime:2.6.0] AndroidManifest.xml:80:13-44
116            android:enabled="false"
116-->[androidx.work:work-runtime:2.6.0] AndroidManifest.xml:81:13-36
117            android:exported="false" >
117-->[androidx.work:work-runtime:2.6.0] AndroidManifest.xml:82:13-37
118            <intent-filter>
118-->[androidx.work:work-runtime:2.6.0] AndroidManifest.xml:84:13-87:29
119                <action android:name="android.intent.action.BATTERY_OKAY" />
119-->[androidx.work:work-runtime:2.6.0] AndroidManifest.xml:85:17-77
119-->[androidx.work:work-runtime:2.6.0] AndroidManifest.xml:85:25-74
120                <action android:name="android.intent.action.BATTERY_LOW" />
120-->[androidx.work:work-runtime:2.6.0] AndroidManifest.xml:86:17-76
120-->[androidx.work:work-runtime:2.6.0] AndroidManifest.xml:86:25-73
121            </intent-filter>
122        </receiver>
123        <receiver
123-->[androidx.work:work-runtime:2.6.0] AndroidManifest.xml:89:9-99:20
124            android:name="androidx.work.impl.background.systemalarm.ConstraintProxy$StorageNotLowProxy"
124-->[androidx.work:work-runtime:2.6.0] AndroidManifest.xml:90:13-104
125            android:directBootAware="false"
125-->[androidx.work:work-runtime:2.6.0] AndroidManifest.xml:91:13-44
126            android:enabled="false"
126-->[androidx.work:work-runtime:2.6.0] AndroidManifest.xml:92:13-36
127            android:exported="false" >
127-->[androidx.work:work-runtime:2.6.0] AndroidManifest.xml:93:13-37
128            <intent-filter>
128-->[androidx.work:work-runtime:2.6.0] AndroidManifest.xml:95:13-98:29
129                <action android:name="android.intent.action.DEVICE_STORAGE_LOW" />
129-->[androidx.work:work-runtime:2.6.0] AndroidManifest.xml:96:17-83
129-->[androidx.work:work-runtime:2.6.0] AndroidManifest.xml:96:25-80
130                <action android:name="android.intent.action.DEVICE_STORAGE_OK" />
130-->[androidx.work:work-runtime:2.6.0] AndroidManifest.xml:97:17-82
130-->[androidx.work:work-runtime:2.6.0] AndroidManifest.xml:97:25-79
131            </intent-filter>
132        </receiver>
133        <receiver
133-->[androidx.work:work-runtime:2.6.0] AndroidManifest.xml:100:9-109:20
134            android:name="androidx.work.impl.background.systemalarm.ConstraintProxy$NetworkStateProxy"
134-->[androidx.work:work-runtime:2.6.0] AndroidManifest.xml:101:13-103
135            android:directBootAware="false"
135-->[androidx.work:work-runtime:2.6.0] AndroidManifest.xml:102:13-44
136            android:enabled="false"
136-->[androidx.work:work-runtime:2.6.0] AndroidManifest.xml:103:13-36
137            android:exported="false" >
137-->[androidx.work:work-runtime:2.6.0] AndroidManifest.xml:104:13-37
138            <intent-filter>
138-->[androidx.work:work-runtime:2.6.0] AndroidManifest.xml:106:13-108:29
139                <action android:name="android.net.conn.CONNECTIVITY_CHANGE" />
139-->[androidx.work:work-runtime:2.6.0] AndroidManifest.xml:107:17-79
139-->[androidx.work:work-runtime:2.6.0] AndroidManifest.xml:107:25-76
140            </intent-filter>
141        </receiver>
142        <receiver
142-->[androidx.work:work-runtime:2.6.0] AndroidManifest.xml:110:9-121:20
143            android:name="androidx.work.impl.background.systemalarm.RescheduleReceiver"
143-->[androidx.work:work-runtime:2.6.0] AndroidManifest.xml:111:13-88
144            android:directBootAware="false"
144-->[androidx.work:work-runtime:2.6.0] AndroidManifest.xml:112:13-44
145            android:enabled="false"
145-->[androidx.work:work-runtime:2.6.0] AndroidManifest.xml:113:13-36
146            android:exported="false" >
146-->[androidx.work:work-runtime:2.6.0] AndroidManifest.xml:114:13-37
147            <intent-filter>
147-->[androidx.work:work-runtime:2.6.0] AndroidManifest.xml:116:13-120:29
148                <action android:name="android.intent.action.BOOT_COMPLETED" />
148-->[androidx.work:work-runtime:2.6.0] AndroidManifest.xml:117:17-79
148-->[androidx.work:work-runtime:2.6.0] AndroidManifest.xml:117:25-76
149                <action android:name="android.intent.action.TIME_SET" />
149-->[androidx.work:work-runtime:2.6.0] AndroidManifest.xml:118:17-73
149-->[androidx.work:work-runtime:2.6.0] AndroidManifest.xml:118:25-70
150                <action android:name="android.intent.action.TIMEZONE_CHANGED" />
150-->[androidx.work:work-runtime:2.6.0] AndroidManifest.xml:119:17-81
150-->[androidx.work:work-runtime:2.6.0] AndroidManifest.xml:119:25-78
151            </intent-filter>
152        </receiver>
153        <receiver
153-->[androidx.work:work-runtime:2.6.0] AndroidManifest.xml:122:9-131:20
154            android:name="androidx.work.impl.background.systemalarm.ConstraintProxyUpdateReceiver"
154-->[androidx.work:work-runtime:2.6.0] AndroidManifest.xml:123:13-99
155            android:directBootAware="false"
155-->[androidx.work:work-runtime:2.6.0] AndroidManifest.xml:124:13-44
156            android:enabled="@bool/enable_system_alarm_service_default"
156-->[androidx.work:work-runtime:2.6.0] AndroidManifest.xml:125:13-72
157            android:exported="false" >
157-->[androidx.work:work-runtime:2.6.0] AndroidManifest.xml:126:13-37
158            <intent-filter>
158-->[androidx.work:work-runtime:2.6.0] AndroidManifest.xml:128:13-130:29
159                <action android:name="androidx.work.impl.background.systemalarm.UpdateProxies" />
159-->[androidx.work:work-runtime:2.6.0] AndroidManifest.xml:129:17-98
159-->[androidx.work:work-runtime:2.6.0] AndroidManifest.xml:129:25-95
160            </intent-filter>
161        </receiver>
162        <receiver
162-->[androidx.work:work-runtime:2.6.0] AndroidManifest.xml:132:9-142:20
163            android:name="androidx.work.impl.diagnostics.DiagnosticsReceiver"
163-->[androidx.work:work-runtime:2.6.0] AndroidManifest.xml:133:13-78
164            android:directBootAware="false"
164-->[androidx.work:work-runtime:2.6.0] AndroidManifest.xml:134:13-44
165            android:enabled="true"
165-->[androidx.work:work-runtime:2.6.0] AndroidManifest.xml:135:13-35
166            android:exported="true"
166-->[androidx.work:work-runtime:2.6.0] AndroidManifest.xml:136:13-36
167            android:permission="android.permission.DUMP" >
167-->[androidx.work:work-runtime:2.6.0] AndroidManifest.xml:137:13-57
168            <intent-filter>
168-->[androidx.work:work-runtime:2.6.0] AndroidManifest.xml:139:13-141:29
169                <action android:name="androidx.work.diagnostics.REQUEST_DIAGNOSTICS" />
169-->[androidx.work:work-runtime:2.6.0] AndroidManifest.xml:140:17-88
169-->[androidx.work:work-runtime:2.6.0] AndroidManifest.xml:140:25-85
170            </intent-filter>
171        </receiver>
172
173        <provider
173-->[androidx.lifecycle:lifecycle-process:2.2.0] AndroidManifest.xml:25:9-29:43
174            android:name="androidx.lifecycle.ProcessLifecycleOwnerInitializer"
174-->[androidx.lifecycle:lifecycle-process:2.2.0] AndroidManifest.xml:26:13-79
175            android:authorities="com.example.neuraldrive.lifecycle-process"
175-->[androidx.lifecycle:lifecycle-process:2.2.0] AndroidManifest.xml:27:13-69
176            android:exported="false"
176-->[androidx.lifecycle:lifecycle-process:2.2.0] AndroidManifest.xml:28:13-37
177            android:multiprocess="true" />
177-->[androidx.lifecycle:lifecycle-process:2.2.0] AndroidManifest.xml:29:13-40
178
179        <service
179-->[androidx.room:room-runtime:2.2.5] AndroidManifest.xml:25:9-28:40
180            android:name="androidx.room.MultiInstanceInvalidationService"
180-->[androidx.room:room-runtime:2.2.5] AndroidManifest.xml:26:13-74
181            android:directBootAware="true"
181-->[androidx.room:room-runtime:2.2.5] AndroidManifest.xml:27:13-43
182            android:exported="false" />
182-->[androidx.room:room-runtime:2.2.5] AndroidManifest.xml:28:13-37
183    </application>
184
185</manifest>